2024-05-13 12:22:15 [32minfo[39m: [32m====== SERVER IS RUNNING ======[39m
2024-05-13 12:22:15 [32minfo[39m: [32m====== PORT: 8000        ======[39m
2024-05-13 12:22:15 [32minfo[39m: [32m===============================[39m
2024-05-13 12:22:55 [32minfo[39m: [32m====== SERVER IS RUNNING ======[39m
2024-05-13 12:22:55 [32minfo[39m: [32m====== PORT: 8000        ======[39m
2024-05-13 12:22:55 [32minfo[39m: [32m===============================[39m
2024-05-13 12:23:00 [32minfo[39m: [32m====== SERVER IS RUNNING ======[39m
2024-05-13 12:23:00 [32minfo[39m: [32m====== PORT: 8000        ======[39m
2024-05-13 12:23:00 [32minfo[39m: [32m===============================[39m
2024-05-13 12:23:03 [32minfo[39m: [32m====== DB STATE: Database connected ======[39m
2024-05-13 12:23:03 [32minfo[39m: [32m====== SERVER IS RUNNING ======[39m
2024-05-13 12:23:03 [32minfo[39m: [32m====== PORT: 8000        ======[39m
2024-05-13 12:23:03 [32minfo[39m: [32m===============================[39m
2024-05-13 12:23:08 [32minfo[39m: [32m====== DB STATE: Database connected ======[39m
2024-05-13 12:23:08 [32minfo[39m: [32m====== SERVER IS RUNNING ======[39m
2024-05-13 12:23:08 [32minfo[39m: [32m====== PORT: 8000        ======[39m
2024-05-13 12:23:08 [32minfo[39m: [32m===============================[39m
2024-05-13 12:23:57 [32minfo[39m: [32m====== SERVER IS RUNNING ======[39m
2024-05-13 12:23:57 [32minfo[39m: [32m====== PORT: 8000        ======[39m
2024-05-13 12:23:57 [32minfo[39m: [32m===============================[39m
2024-05-13 12:24:39 [31merror[39m: [31m====== DB STATE: Database connection failed ======[39m
2024-05-13 12:24:39 [32minfo[39m: [32m====== SERVER IS RUNNING ======[39m
2024-05-13 12:24:39 [32minfo[39m: [32m====== PORT: 8000        ======[39m
2024-05-13 12:24:39 [32minfo[39m: [32m===============================[39m
2024-05-15 14:06:56 [31merror[39m: [31m====== DB STATE: Database connection failed ======[39m
2024-05-15 14:06:57 [32minfo[39m: [32mtrue[39m
2024-05-15 14:06:57 [32minfo[39m: [32m====== SERVER IS RUNNING ======[39m
2024-05-15 14:06:57 [32minfo[39m: [32m====== PORT: 8000        ======[39m
2024-05-15 14:06:57 [32minfo[39m: [32m===============================[39m
2024-05-15 14:09:10 [31merror[39m: [31m====== DB STATE: Database connection failed ======[39m
2024-05-15 14:09:10 [32minfo[39m: [32mtrue[39m
2024-05-15 14:09:10 [32minfo[39m: [32mClustering to 4 CPUs[39m
2024-05-15 14:09:19 [31merror[39m: [31mWorker 1 died[39m
2024-05-15 14:09:19 [31merror[39m: [31mWorker 2 died[39m
2024-05-15 14:09:19 [31merror[39m: [31mWorker 3 died[39m
2024-05-15 14:10:05 [31merror[39m: [31m====== DB STATE: Database connection failed ======[39m
2024-05-15 14:10:05 [32minfo[39m: [32m====== SERVER IS RUNNING ======[39m
2024-05-15 14:10:05 [32minfo[39m: [32m====== PORT: 8000        ======[39m
2024-05-15 14:10:05 [32minfo[39m: [32m===============================[39m
2024-05-15 14:14:36 [32minfo[39m: [32m====== DB STATE: Database connected ======[39m
2024-05-15 14:14:36 [32minfo[39m: [32mtrue[39m
2024-05-15 14:14:36 [32minfo[39m: [32mClustering to 4 CPUs[39m
2024-05-15 14:14:39 [32minfo[39m: [32m====== DB STATE: Database connected ======[39m
2024-05-15 14:14:39 [32minfo[39m: [32m====== DB STATE: Database connected ======[39m
2024-05-15 14:14:39 [32minfo[39m: [32m====== DB STATE: Database connected ======[39m
2024-05-15 14:14:39 [32minfo[39m: [32m====== DB STATE: Database connected ======[39m
2024-05-15 14:14:39 [32minfo[39m: [32mfalse[39m
2024-05-15 14:14:39 [32minfo[39m: [32m====== SERVER IS RUNNING ======[39m
2024-05-15 14:14:39 [32minfo[39m: [32m====== PORT: 8000        ======[39m
2024-05-15 14:14:39 [32minfo[39m: [32m===============================[39m
2024-05-15 14:14:39 [32minfo[39m: [32mfalse[39m
2024-05-15 14:14:40 [32minfo[39m: [32mfalse[39m
2024-05-15 14:14:40 [32minfo[39m: [32m====== SERVER IS RUNNING ======[39m
2024-05-15 14:14:40 [32minfo[39m: [32m====== PORT: 8000        ======[39m
2024-05-15 14:14:40 [32minfo[39m: [32m===============================[39m
2024-05-15 14:14:40 [32minfo[39m: [32mfalse[39m
2024-05-15 14:14:40 [32minfo[39m: [32m====== SERVER IS RUNNING ======[39m
2024-05-15 14:14:40 [32minfo[39m: [32m====== SERVER IS RUNNING ======[39m
2024-05-15 14:14:40 [32minfo[39m: [32m====== PORT: 8000        ======[39m
2024-05-15 14:14:40 [32minfo[39m: [32m===============================[39m
2024-05-15 14:14:40 [32minfo[39m: [32m====== PORT: 8000        ======[39m
2024-05-15 14:14:40 [32minfo[39m: [32m===============================[39m
2024-05-15 14:17:31 [31merror[39m: [31mWorker 1 died[39m
2024-05-15 14:17:34 [32minfo[39m: [32m====== DB STATE: Database connected ======[39m
2024-05-15 14:17:34 [32minfo[39m: [32mtrue[39m
2024-05-15 14:17:34 [32minfo[39m: [32mClustering to 4 CPUs[39m
2024-05-15 14:17:40 [32minfo[39m: [32m====== DB STATE: Database connected ======[39m
2024-05-15 14:17:40 [32minfo[39m: [32m====== DB STATE: Database connected ======[39m
2024-05-15 14:17:40 [32minfo[39m: [32m====== DB STATE: Database connected ======[39m
2024-05-15 14:17:40 [32minfo[39m: [32mfalse[39m
2024-05-15 14:17:40 [32minfo[39m: [32mfalse[39m
2024-05-15 14:17:40 [32minfo[39m: [32m====== SERVER IS RUNNING ======[39m
2024-05-15 14:17:40 [32minfo[39m: [32m====== SERVER IS RUNNING ======[39m
2024-05-15 14:17:40 [32minfo[39m: [32m====== PORT: 8000        ======[39m
2024-05-15 14:17:40 [32minfo[39m: [32m===============================[39m
2024-05-15 14:17:40 [32minfo[39m: [32m====== PORT: 8000        ======[39m
2024-05-15 14:17:40 [32minfo[39m: [32m===============================[39m
2024-05-15 14:17:40 [32minfo[39m: [32mfalse[39m
2024-05-15 14:17:40 [32minfo[39m: [32m====== DB STATE: Database connected ======[39m
2024-05-15 14:17:40 [32minfo[39m: [32m====== SERVER IS RUNNING ======[39m
2024-05-15 14:17:40 [32minfo[39m: [32m====== PORT: 8000        ======[39m
2024-05-15 14:17:40 [32minfo[39m: [32m===============================[39m
2024-05-15 14:17:40 [32minfo[39m: [32mfalse[39m
2024-05-15 14:17:40 [32minfo[39m: [32m====== SERVER IS RUNNING ======[39m
2024-05-15 14:17:40 [32minfo[39m: [32m====== PORT: 8000        ======[39m
2024-05-15 14:17:40 [32minfo[39m: [32m===============================[39m
2024-05-15 14:30:01 [31merror[39m: [31mWorker 1 died[39m
2024-05-15 14:30:01 [31merror[39m: [31mWorker 3 died[39m
2024-05-15 14:30:09 [32minfo[39m: [32m====== DB STATE: Database connected ======[39m
2024-05-15 14:30:09 [32minfo[39m: [32m====== SERVER IS RUNNING ======[39m
2024-05-15 14:30:09 [32minfo[39m: [32m====== PORT: 8000        ======[39m
2024-05-15 14:30:09 [32minfo[39m: [32m===============================[39m
2024-05-15 14:30:16 [32minfo[39m: [32m====== DB STATE: Database connected ======[39m
2024-05-15 14:30:21 [32minfo[39m: [32m====== DB STATE: Database connected ======[39m
2024-05-15 14:30:21 [32minfo[39m: [32m====== DB STATE: Database connected ======[39m
2024-05-15 14:30:21 [32minfo[39m: [32m====== SERVER IS RUNNING ======[39m
2024-05-15 14:30:21 [32minfo[39m: [32m====== PORT: 8000        ======[39m
2024-05-15 14:30:21 [32minfo[39m: [32m===============================[39m
2024-05-15 14:30:21 [32minfo[39m: [32m====== SERVER IS RUNNING ======[39m
2024-05-15 14:30:21 [32minfo[39m: [32m====== PORT: 8000        ======[39m
2024-05-15 14:30:21 [32minfo[39m: [32m===============================[39m
2024-05-15 14:30:21 [32minfo[39m: [32m====== DB STATE: Database connected ======[39m
2024-05-15 14:30:21 [32minfo[39m: [32m====== SERVER IS RUNNING ======[39m
2024-05-15 14:30:21 [32minfo[39m: [32m====== PORT: 8000        ======[39m
2024-05-15 14:30:21 [32minfo[39m: [32m===============================[39m
2024-05-15 14:30:21 [32minfo[39m: [32m====== DB STATE: Database connected ======[39m
2024-05-15 14:30:21 [32minfo[39m: [32m====== SERVER IS RUNNING ======[39m
2024-05-15 14:30:21 [32minfo[39m: [32m====== PORT: 8000        ======[39m
2024-05-15 14:30:21 [32minfo[39m: [32m===============================[39m
